\BOOKMARK [0][-]{dummy.1}{\376\377\000D\000e\000c\000l\000a\000r\000a\000t\000i\000o\000n\000\040\000o\000f\000\040\000A\000u\000t\000h\000o\000r\000s\000h\000i\000p}{}% 1
\BOOKMARK [0][-]{dummy.2}{\376\377\000A\000b\000s\000t\000r\000a\000c\000t}{}% 2
\BOOKMARK [0][-]{dummy.3}{\376\377\000A\000c\000k\000n\000o\000w\000l\000e\000d\000g\000e\000m\000e\000n\000t\000s}{}% 3
\BOOKMARK [0][-]{dummy.4}{\376\377\000C\000o\000n\000t\000e\000n\000t\000s}{}% 4
\BOOKMARK [0][-]{dummy.6}{\376\377\000L\000i\000s\000t\000\040\000o\000f\000\040\000F\000i\000g\000u\000r\000e\000s}{}% 5
\BOOKMARK [0][-]{dummy.8}{\376\377\000L\000i\000s\000t\000\040\000o\000f\000\040\000T\000a\000b\000l\000e\000s}{}% 6
\BOOKMARK [0][-]{chapter.10}{\376\377\0001\000\040\000I\000n\000t\000r\000o\000d\000u\000c\000t\000i\000o\000n}{}% 7
\BOOKMARK [1][-]{section.11}{\376\377\0001\000.\0001\000\040\000M\000o\000t\000i\000v\000a\000t\000i\000o\000n}{chapter.10}% 8
\BOOKMARK [1][-]{section.12}{\376\377\0001\000.\0002\000\040\000A\000i\000m\000s}{chapter.10}% 9
\BOOKMARK [1][-]{section.13}{\376\377\0001\000.\0003\000\040\000M\000a\000i\000n\000\040\000R\000e\000s\000u\000l\000t\000s}{chapter.10}% 10
\BOOKMARK [1][-]{section.14}{\376\377\0001\000.\0004\000\040\000O\000u\000t\000l\000i\000n\000e}{chapter.10}% 11
\BOOKMARK [0][-]{chapter.15}{\376\377\0002\000\040\000S\000u\000p\000e\000r\000v\000i\000s\000e\000d\000\040\000S\000e\000q\000u\000e\000n\000c\000e\000\040\000L\000e\000a\000r\000n\000i\000n\000g}{}% 12
\BOOKMARK [1][-]{section.16}{\376\377\0002\000.\0001\000\040\000H\000i\000d\000d\000e\000n\000\040\000M\000a\000r\000k\000o\000v\000\040\000M\000o\000d\000e\000l\000s}{chapter.15}% 13
\BOOKMARK [2][-]{subsection.25}{\376\377\0002\000.\0001\000.\0001\000\040\000V\000i\000t\000e\000r\000b\000i\000\040\000A\000l\000g\000o\000r\000i\000t\000h\000m}{section.16}% 14
\BOOKMARK [1][-]{section.27}{\376\377\0002\000.\0002\000\040\000F\000o\000r\000w\000a\000r\000d\000-\000b\000a\000c\000k\000w\000a\000r\000d\000\040\000A\000l\000g\000o\000r\000i\000t\000h\000m}{chapter.15}% 15
\BOOKMARK [1][-]{section.31}{\376\377\0002\000.\0003\000\040\000M\000a\000x\000i\000m\000u\000m\000\040\000E\000n\000t\000r\000o\000p\000y\000\040\000C\000l\000a\000s\000s\000i\000f\000i\000e\000r\000s}{chapter.15}% 16
\BOOKMARK [1][-]{section.37}{\376\377\0002\000.\0004\000\040\000L\000-\000B\000F\000G\000S}{chapter.15}% 17
\BOOKMARK [1][-]{section.40}{\376\377\0002\000.\0005\000\040\000R\000e\000g\000u\000l\000a\000r\000i\000s\000a\000t\000i\000o\000n}{chapter.15}% 18
\BOOKMARK [1][-]{section.42}{\376\377\0002\000.\0006\000\040\000C\000o\000n\000d\000i\000t\000i\000o\000n\000a\000l\000\040\000R\000a\000n\000d\000o\000m\000\040\000F\000i\000e\000l\000d\000s}{chapter.15}% 19
\BOOKMARK [1][-]{section.47}{\376\377\0002\000.\0007\000\040\000F\000e\000a\000t\000u\000r\000e\000\040\000F\000u\000n\000c\000t\000i\000o\000n\000s}{chapter.15}% 20
\BOOKMARK [1][-]{section.48}{\376\377\0002\000.\0008\000\040\000W\000a\000p\000i\000t\000i}{chapter.15}% 21
\BOOKMARK [0][-]{chapter.51}{\376\377\0003\000\040\000A\000u\000t\000o\000m\000a\000t\000i\000c\000\040\000M\000e\000t\000a\000d\000a\000t\000a\000\040\000E\000x\000t\000r\000a\000c\000t\000i\000o\000n}{}% 22
\BOOKMARK [1][-]{section.52}{\376\377\0003\000.\0001\000\040\000M\000e\000t\000a\000d\000a\000t\000a\000\040\000E\000x\000t\000r\000a\000c\000t\000i\000o\000n}{chapter.51}% 23
\BOOKMARK [1][-]{section.53}{\376\377\0003\000.\0002\000\040\000R\000e\000l\000a\000t\000e\000d\000\040\000W\000o\000r\000k}{chapter.51}% 24
\BOOKMARK [1][-]{section.54}{\376\377\0003\000.\0003\000\040\000G\000R\000O\000B\000I\000D}{chapter.51}% 25
\BOOKMARK [0][-]{chapter.55}{\376\377\0004\000\040\000I\000m\000p\000l\000e\000m\000e\000n\000t\000a\000t\000i\000o\000n\000\040\000a\000n\000d\000\040\000D\000a\000t\000a}{}% 26
\BOOKMARK [1][-]{section.56}{\376\377\0004\000.\0001\000\040\000M\000e\000t\000a\000d\000a\000t\000a\000\040\000E\000x\000t\000r\000a\000c\000t\000i\000o\000n}{chapter.55}% 27
\BOOKMARK [1][-]{section.57}{\376\377\0004\000.\0002\000\040\000R\000e\000l\000a\000t\000e\000d\000\040\000W\000o\000r\000k}{chapter.55}% 28
\BOOKMARK [1][-]{section.58}{\376\377\0004\000.\0003\000\040\000G\000R\000O\000B\000I\000D}{chapter.55}% 29
\BOOKMARK [0][-]{chapter.59}{\376\377\0005\000\040\000R\000e\000s\000u\000l\000t\000s\000\040\000a\000n\000d\000\040\000A\000n\000a\000l\000y\000s\000i\000s}{}% 30
\BOOKMARK [1][-]{section.60}{\376\377\0005\000.\0001\000\040\000E\000x\000p\000e\000r\000i\000m\000e\000n\000t\000\040\000S\000e\000t\000u\000p}{chapter.59}% 31
\BOOKMARK [1][-]{section.61}{\376\377\0005\000.\0002\000\040\000E\000v\000a\000l\000u\000a\000t\000i\000o\000n\000\040\000M\000e\000t\000h\000o\000d}{chapter.59}% 32
\BOOKMARK [1][-]{section.62}{\376\377\0005\000.\0003\000\040\000B\000a\000s\000e\000l\000i\000n\000e}{chapter.59}% 33
\BOOKMARK [1][-]{section.63}{\376\377\0005\000.\0004\000\040\000R\000e\000g\000u\000l\000a\000r\000i\000s\000a\000t\000i\000o\000n}{chapter.59}% 34
\BOOKMARK [1][-]{section.64}{\376\377\0005\000.\0005\000\040\000D\000i\000c\000t\000i\000o\000n\000a\000r\000i\000e\000s}{chapter.59}% 35
\BOOKMARK [1][-]{section.65}{\376\377\0005\000.\0006\000\040\000D\000i\000c\000t\000i\000o\000n\000a\000r\000i\000e\000s\000\040\000+\000\040\000S\000t\000o\000p\000\040\000W\000o\000r\000d\000s}{chapter.59}% 36
\BOOKMARK [1][-]{section.66}{\376\377\0005\000.\0007\000\040\000T\000o\000k\000e\000n\000\040\000S\000e\000l\000e\000c\000t\000i\000o\000n}{chapter.59}% 37
\BOOKMARK [1][-]{section.67}{\376\377\0005\000.\0008\000\040\000L\000e\000v\000e\000n\000s\000h\000t\000e\000i\000n}{chapter.59}% 38
\BOOKMARK [1][-]{section.68}{\376\377\0005\000.\0009\000\040\000L\000i\000n\000e\000\040\000S\000h\000a\000p\000e}{chapter.59}% 39
\BOOKMARK [1][-]{section.69}{\376\377\0005\000.\0001\0000\000\040\000C\000h\000a\000r\000a\000c\000t\000e\000r\000\040\000C\000l\000a\000s\000s\000e\000s}{chapter.59}% 40
\BOOKMARK [0][-]{chapter.70}{\376\377\0006\000\040\000C\000o\000n\000c\000l\000u\000s\000i\000o\000n}{}% 41
\BOOKMARK [1][-]{section.71}{\376\377\0006\000.\0001\000\040\000S\000u\000m\000m\000a\000r\000y}{chapter.70}% 42
\BOOKMARK [2][-]{subsection.72}{\376\377\0006\000.\0001\000.\0001\000\040\000K\000e\000y\000\040\000R\000e\000s\000u\000l\000t\000s}{section.71}% 43
\BOOKMARK [1][-]{section.73}{\376\377\0006\000.\0002\000\040\000F\000u\000t\000u\000r\000e\000\040\000W\000o\000r\000k}{chapter.70}% 44
\BOOKMARK [0][-]{appendix.74}{\376\377\000A\000\040\000A\000l\000g\000o\000r\000i\000t\000h\000m\000s}{}% 45
\BOOKMARK [0][-]{dummy.81}{\376\377\000B\000i\000b\000l\000i\000o\000g\000r\000a\000p\000h\000y}{}% 46
